<?xml version="1.0" encoding="UTF-8"?>
<testsuite xmlns:xsi="http://www.w3.org/2001/XMLSchema-instance" xsi:noNamespaceSchemaLocation="https://maven.apache.org/surefire/maven-surefire-plugin/xsd/surefire-test-report.xsd" version="3.0.2" name="com.gutfriendly.app.GutFriendlyProto1ApplicationTests" time="11.809" tests="1" errors="0" skipped="0" failures="0" flakes="0">
  <properties>
[...]
</properties>
  <testcase name="contextLoads" classname="com.gutfriendly.app.GutFriendlyProto1ApplicationTests" time="0.444">
    <system-out><![CDATA[22:26:26.727 [main] INFO org.springframework.test.context.support.AnnotationConfigContextLoaderUtils -- Could not detect default configuration classes for test class [com.gutfriendly.app.GutFriendlyProto1ApplicationTests]: GutFriendlyProto1ApplicationTests does not declare any static, non-private, non-final, nested classes annotated with @Configuration.
22:26:27.031 [main] INFO org.springframework.boot.test.context.SpringBootTestContextBootstrapper -- Found @SpringBootConfiguration com.gutfriendly.app.GutFriendlyProto1Application for test class com.gutfriendly.app.GutFriendlyProto1ApplicationTests
22:26:27.254 [main] INFO org.springframework.test.context.support.AnnotationConfigContextLoaderUtils -- Could not detect default configuration classes for test class [com.gutfriendly.app.GutFriendlyProto1ApplicationTests]: GutFriendlyProto1ApplicationTests does not declare any static, non-private, non-final, nested classes annotated with @Configuration.
22:26:27.260 [main] INFO org.springframework.boot.test.context.SpringBootTestContextBootstrapper -- Found @SpringBootConfiguration com.gutfriendly.app.GutFriendlyProto1Application for test class com.gutfriendly.app.GutFriendlyProto1ApplicationTests

  .   ____          _            __ _ _
 /\\ / ___'_ __ _ _(_)_ __  __ _ \ \ \ \
( ( )\___ | '_ | '_| | '_ \/ _` | \ \ \ \
 \\/  ___)| |_)| | | | | || (_| |  ) ) ) )
  '  |____| .__|_| |_|_| |_\__, | / / / /
 =========|_|==============|___/=/_/_/_/

 :: Spring Boot ::                (v4.1.0)

2026-07-25T22:26:28.157+05:30  INFO 24408 --- [GutFriendlyProto1] [           main] c.g.a.GutFriendlyProto1ApplicationTests  : Starting GutFriendlyProto1ApplicationTests using Java 21.0.11 with PID 24408 (started by swaraj in C:\Users\swaraj\git\repository\GutFriendlyProto1)
2026-07-25T22:26:28.161+05:30  INFO 24408 --- [GutFriendlyProto1] [           main] c.g.a.GutFriendlyProto1ApplicationTests  : No active profile set, falling back to 1 default profile: "default"
2026-07-25T22:26:29.719+05:30  INFO 24408 --- [GutFriendlyProto1] [           main] .s.d.r.c.RepositoryConfigurationDelegate : Bootstrapping Spring Data JPA repositories in DEFAULT mode.
2026-07-25T22:26:29.908+05:30  INFO 24408 --- [GutFriendlyProto1] [           main] .s.d.r.c.RepositoryConfigurationDelegate : Finished Spring Data repository scanning in 159 ms. Found 8 JPA repository interfaces.
2026-07-25T22:26:31.007+05:30  INFO 24408 --- [GutFriendlyProto1] [           main] org.hibernate.orm.jpa                    : HHH008540: Processing PersistenceUnitInfo [name: default]
2026-07-25T22:26:31.166+05:30  INFO 24408 --- [GutFriendlyProto1] [           main] org.hibernate.orm.core                   : HHH000001: Hibernate ORM core version 7.4.1.Final
2026-07-25T22:26:32.194+05:30  INFO 24408 --- [GutFriendlyProto1] [           main] o.s.o.j.p.SpringPersistenceUnitInfo      : No LoadTimeWeaver setup: ignoring JPA class transformer
2026-07-25T22:26:32.255+05:30  INFO 24408 --- [GutFriendlyProto1] [           main] com.zaxxer.hikari.HikariDataSource       : HikariPool-1 - Starting...
2026-07-25T22:26:32.730+05:30  INFO 24408 --- [GutFriendlyProto1] [           main] com.zaxxer.hikari.pool.HikariPool        : HikariPool-1 - Added connection com.mysql.cj.jdbc.ConnectionImpl@434d001d
2026-07-25T22:26:32.735+05:30  INFO 24408 --- [GutFriendlyProto1] [           main] com.zaxxer.hikari.HikariDataSource       : HikariPool-1 - Start completed.
2026-07-25T22:26:32.842+05:30  INFO 24408 --- [GutFriendlyProto1] [           main] org.hibernate.orm.connections.pooling    : HHH10001005: Database info:
	Database JDBC URL [jdbc:mysql://localhost:3306/gutfriendlyproto1]
	Database driver: MySQL Connector/J
	Database dialect: MySQLDialect
	Database version: 8.0.46
	Default catalog/schema: gutfriendlyproto1/undefined
	Autocommit mode: undefined/unknown
	Isolation level: REPEATABLE_READ [default REPEATABLE_READ]
	JDBC fetch size: none
	Pool: DataSourceConnectionProvider
	Minimum pool size: undefined/unknown
	Maximum pool size: undefined/unknown
2026-07-25T22:26:34.172+05:30  INFO 24408 --- [GutFriendlyProto1] [           main] org.hibernate.orm.core                   : HHH000489: No JTA platform available (set 'hibernate.transaction.jta.platform' to enable JTA platform integration)
Hibernate: create table menu_item (item_id bigint not null auto_increment, active bit, category varchar(80), image_url varchar(255), name varchar(120) not null, price decimal(10,2) not null, vendor_id integer not null, primary key (item_id)) engine=InnoDB
Hibernate: create table vendor_order (order_id bigint not null auto_increment, created_at datetime(6), order_number varchar(30) not null, status enum ('CANCELLED','DELIVERED','NEW','OUT_FOR_DELIVERY','PREPARING') not null, total_amount decimal(10,2) not null, vendor_id integer not null, primary key (order_id)) engine=InnoDB
Hibernate: create table vendor_order_item (order_item_id bigint not null auto_increment, item_name varchar(120) not null, quantity integer not null, unit_price decimal(10,2) not null, item_id bigint, order_id bigint not null, primary key (order_item_id)) engine=InnoDB
Hibernate: create table vendor_review (review_id bigint not null auto_increment, comment varchar(500), created_at datetime(6), customer_image_url varchar(255), customer_name varchar(100) not null, rating integer not null, vendor_id integer not null, primary key (review_id)) engine=InnoDB
Hibernate: create table vendor_store (store_id bigint not null auto_increment, delivery_partners_enabled bit, estimated_prep_time_minutes integer, image_url varchar(255), is_open bit, online_orders_enabled bit, open_time time(0), store_name varchar(100) not null, vendor_id integer not null, primary key (store_id)) engine=InnoDB
Hibernate: alter table vendor_order drop index UKhkharsmmwcj5hgwlojsb6rpor
Hibernate: alter table vendor_order add constraint UKhkharsmmwcj5hgwlojsb6rpor unique (order_number)
Hibernate: alter table vendor_store drop index UKettl125j019eeuagm2ne82f01
Hibernate: alter table vendor_store add constraint UKettl125j019eeuagm2ne82f01 unique (vendor_id)
Hibernate: alter table menu_item add constraint FK8790fd7ttd8ol6e40q5y2xohl foreign key (vendor_id) references vendor_details (vendor_id)
Hibernate: alter table vendor_order add constraint FKhl2cq0ey1yry9cuhuah3q2lpj foreign key (vendor_id) references vendor_details (vendor_id)
Hibernate: alter table vendor_order_item add constraint FKpljl23rycus0mpgojh893q8kq foreign key (item_id) references menu_item (item_id)
Hibernate: alter table vendor_order_item add constraint FKaqnihfa7h3g7w0yr55j6bwj70 foreign key (order_id) references vendor_order (order_id)
Hibernate: alter table vendor_review add constraint FKs42mp705dcb17v8h72atr89mq foreign key (vendor_id) references vendor_details (vendor_id)
Hibernate: alter table vendor_store add constraint FKnc19glesnb2wrulgrff38g23h foreign key (vendor_id) references vendor_details (vendor_id)
2026-07-25T22:26:35.204+05:30  INFO 24408 --- [GutFriendlyProto1] [           main] j.LocalContainerEntityManagerFactoryBean : Initialized JPA EntityManagerFactory for persistence unit 'default'
2026-07-25T22:26:35.312+05:30  INFO 24408 --- [GutFriendlyProto1] [           main] o.s.d.j.r.query.QueryEnhancerFactories   : Hibernate is in classpath; If applicable, HQL parser will be used.
2026-07-25T22:26:37.029+05:30  WARN 24408 --- [GutFriendlyProto1] [           main] JpaBaseConfiguration$JpaWebConfiguration : spring.jpa.open-in-view is enabled by default. Therefore, database queries may be performed during view rendering. Explicitly configure spring.jpa.open-in-view to disable this warning
2026-07-25T22:26:37.564+05:30  INFO 24408 --- [GutFriendlyProto1] [           main] c.g.a.GutFriendlyProto1ApplicationTests  : Started GutFriendlyProto1ApplicationTests in 10.117 seconds (process running for 12.985)
]]></system-out>
    <system-err><![CDATA[Mockito is currently self-attaching to enable the inline-mock-maker. This will no longer work in future releases of the JDK. Please add Mockito as an agent to your build as described in Mockito's documentation: https://javadoc.io/doc/org.mockito/mockito-core/latest/org.mockito/org/mockito/Mockito.html#0.3
WARNING: A Java agent has been loaded dynamically (C:\Users\swaraj\.m2\repository\net\bytebuddy\byte-buddy-agent\1.18.10\byte-buddy-agent-1.18.10.jar)
WARNING: If a serviceability tool is in use, please run with -XX:+EnableDynamicAgentLoading to hide this warning
WARNING: If a serviceability tool is not in use, please run with -Djdk.instrument.traceUsage for more information
WARNING: Dynamic loading of agents will be disallowed by default in a future release
]]></system-err>
  </testcase>
</testsuite>